<?xml version="1.0" encoding="UTF-8"?>
<!-- Generated by org.testng.reporters.JUnitXMLReporter -->
<testsuite ignored="0" hostname="Priyanka" failures="0" tests="3" name="Test-ng" time="47.648" errors="0" timestamp="2024-02-10T13:50:08 IST">
  <testcase classname="Day1.Facebook_Signup_ng" name="Signup_page" time="11.202"/>
  <testcase classname="Day1.NewTest" name="f" time="5.002"/>
  <testcase classname="Day1.Test_Signup" name="sign_in" time="21.359"/>
</testsuite> <!-- Test-ng -->
