<?xml version="1.0" encoding="UTF-8"?>
<!-- Generated by org.testng.reporters.JUnitReportReporter -->
<testsuite hostname="Priyanka" failures="0" tests="1" name="Day1.Test_Signup" time="21.846" errors="0" timestamp="2024-02-10T13:50:08 IST" skipped="0">
  <testcase classname="Day1.Test_Signup" name="sign_in" time="21.846"/>
</testsuite> <!-- Day1.Test_Signup -->
