<?xml version="1.0" encoding="UTF-8"?>
<!-- Generated by org.testng.reporters.JUnitReportReporter -->
<testsuite hostname="Priyanka" failures="0" tests="1" name="Day1.NewTest" time="5.003" errors="0" timestamp="2024-02-10T13:50:08 IST" skipped="0">
  <testcase classname="Day1.NewTest" name="f" time="5.003"/>
</testsuite> <!-- Day1.NewTest -->
