<?xml version="1.0" encoding="UTF-8"?>
<!-- Generated by org.testng.reporters.JUnitReportReporter -->
<testsuite hostname="Priyanka" failures="0" tests="1" name="Day1.Facebook_Signup_ng" time="16.702" errors="0" timestamp="2024-02-10T13:50:08 IST" skipped="0">
  <testcase classname="Day1.Facebook_Signup_ng" name="Signup_page" time="16.702"/>
</testsuite> <!-- Day1.Facebook_Signup_ng -->
